  whiteFade.cpp
  ui.cpp
  player.cpp
c:\users\gsp048\documents\visual studio 2015\projects\shooting_c++\shooting_c++\player.cpp(348): warning C4244: '=': 'double' から 'float' への変換です。データが失われる可能性があります。
c:\users\gsp048\documents\visual studio 2015\projects\shooting_c++\shooting_c++\player.cpp(461): warning C4244: '初期化中': 'double' から 'float' への変換です。データが失われる可能性があります。
  manual.cpp
  manager.cpp
  item.cpp
  helper.cpp
c:\users\gsp048\documents\visual studio 2015\projects\shooting_c++\shooting_c++\helper.cpp(283): warning C4244: '初期化中': 'double' から 'float' への変換です。データが失われる可能性があります。
  game.cpp
  enemy.cpp
  bg.cpp
  afterimage.cpp
  コードを生成中...
  コンパイル中...
  wave.cpp
  title.cpp
  scene2d.cpp
  reverse.cpp
  result.cpp
  renderer.cpp
  ranking.cpp
  pause.cpp
  number.cpp
  main.cpp
  logo.cpp
  light2d.cpp
  foreground.cpp
  effect.cpp
  bullet.cpp
  bubble.cpp
  block.cpp
  コードを生成中...
  スキップ中... (関連する変更は検出されませんでした)
  fade.cpp
  shooting_c++.vcxproj -> C:\Users\GSP048\Documents\Visual Studio 2015\Projects\shooting_c++\Debug\shooting_c++.exe
  shooting_c++.vcxproj -> C:\Users\GSP048\Documents\Visual Studio 2015\Projects\shooting_c++\Debug\shooting_c++.pdb (Full PDB)
