  bg.cpp
  bullet.cpp
  effect.cpp
  enemy.cpp
  game.cpp
  helper.cpp
helper.cpp(283): warning C4244: '初期化中': 'double' から 'float' への変換です。データが失われる可能性があります。
  manager.cpp
  manual.cpp
  pause.cpp
  player.cpp
player.cpp(348): warning C4244: '=': 'double' から 'float' への変換です。データが失われる可能性があります。
player.cpp(461): warning C4244: '初期化中': 'double' から 'float' への変換です。データが失われる可能性があります。
  result.cpp
  title.cpp
  ui.cpp
  whiteFade.cpp
  コード生成しています。
  0 of 496 functions ( 0.0%) were compiled, the rest were copied from previous compilation.
    0 functions were new in current compilation
    0 functions had inline decision re-evaluated but remain unchanged
  コード生成が終了しました。
  shooting_c++.vcxproj -> C:\Users\GSP048\Documents\Visual Studio 2015\Projects\shooting_c++\Release\shooting_c++.exe
  shooting_c++.vcxproj -> C:\Users\GSP048\Documents\Visual Studio 2015\Projects\shooting_c++\Release\shooting_c++.pdb (Full PDB)
